BUILD: Examining c:\docume~1\admini~1\πŸ≈¡»≠~1\afdmjh~1\afdmjhk directory for files to compile.
Compiling c:\docume~1\admini~1\πŸ≈¡»≠~1\afdmjh~1\afdmjhk directory ********************
'nmake.exe /c BUILDMSG=Stop. -i NTTEST= UMTEST= NOLINK=1 386=1'
cl -nologo -Ii386\ -I. -Iobjchk_w2k\i386 -IC:\XPDDK\inc\w2k -IC:\XPDDK\inc\w2k -IC:\XPDDK\inc\ddk\w2k -IC:\XPDDK\inc\ddk\wdm\w2k -IC:\XPDDK\inc\crt -D_X86_=1 -Di386=1  -DSTD_CALL -DCONDITION_HANDLING=1 -DNT_UP=1  -DNT_INST=0 -DWIN32=100 -D_NT1X_=100 -DWINNT=1 -D_WIN32_WINNT=0x0501 /DWINVER=0x0501 -D_WIN32_IE=0x0600    -DWIN32_LEAN_AND_MEAN=1 -DDBG=1 -DDEVL=1 -D__BUILDMACHINE__=Administrator -DFPO=0  -DNDEBUG -D_DLL=1      /c /Zel /Zp8 /Gy -cbstring /W3 /WX /Gz  /QIfdiv- /QIf /G6 /Gi- /Gm- /GX-  /GR- /GF  -Z7 /Od /Oi /Oy-   -FIC:\XPDDK\inc\w2k\warning.h   .\afdhk.c
afdhk.c
cl -nologo -Ii386\ -I. -Iobjchk_w2k\i386 -IC:\XPDDK\inc\w2k -IC:\XPDDK\inc\w2k -IC:\XPDDK\inc\ddk\w2k -IC:\XPDDK\inc\ddk\wdm\w2k -IC:\XPDDK\inc\crt -D_X86_=1 -Di386=1  -DSTD_CALL -DCONDITION_HANDLING=1 -DNT_UP=1  -DNT_INST=0 -DWIN32=100 -D_NT1X_=100 -DWINNT=1 -D_WIN32_WINNT=0x0501 /DWINVER=0x0501 -D_WIN32_IE=0x0600    -DWIN32_LEAN_AND_MEAN=1 -DDBG=1 -DDEVL=1 -D__BUILDMACHINE__=Administrator -DFPO=0  -DNDEBUG -D_DLL=1      /c /Zel /Zp8 /Gy -cbstring /W3 /WX /Gz  /QIfdiv- /QIf /G6 /Gi- /Gm- /GX-  /GR- /GF  -Z7 /Od /Oi /Oy-   -FIC:\XPDDK\inc\w2k\warning.h   .\ioctl.c
ioctl.c

Stop.
Linking c:\docume~1\admini~1\πŸ≈¡»≠~1\afdmjh~1\afdmjhk directory ********************
'nmake.exe /c BUILDMSG=Stop. -i LINKONLY=1 NOPASS0=1 NTTEST= UMTEST= 386=1'
	link -out:objchk_w2k\i386\AFDHK.sys -machine:ix86 @C:\DOCUME~1\ADMINI~1\LOCALS~1\Temp\nma03596.
Microsoft (R) Incremental Linker Version 7.00.9210
Copyright (C) Microsoft Corporation.  All rights reserved.

-MERGE:_PAGE=PAGE 
-MERGE:_TEXT=.text 
-SECTION:INIT,d 
-OPT:REF 
-OPT:ICF 
-IGNORE:4010,4037,4039,4065,4070,4078,4087,4089,4198,4221 
-INCREMENTAL:NO 
-FULLBUILD 
/release 
-NODEFAULTLIB 
/WX 
-debug:FULL 
-debugtype:cv 
-version:5.1 
-osversion:5.1 
/opt:nowin98 
-STACK:0x40000,0x1000 
-driver 
-base:0x10000 
-align:0x80 
-subsystem:native,5.1 
-entry:DriverEntry@8 
-out:objchk_w2k\i386\AFDHK.sys 
objchk_w2k\i386\afdhk.obj 
objchk_w2k\i386\ioctl.obj 
C:\XPDDK\lib\w2k\i386\ntoskrnl.lib 
C:\XPDDK\lib\w2k\i386\hal.lib 
C:\XPDDK\lib\w2k\i386\wmilib.lib 
C:\XPDDK\lib\w2k\i386\tdi.lib 
	echo.

Skip Binplace:

Stop.
